open("/etc/ld.so.cache", O_RDONLY|O_CLOEXEC) = 4
open("/usr/lib/x86_64-linux-gnu/libgtk-x11-2.0.so.0", O_RDONLY|O_CLOEXEC) = 4
open("/lib/x86_64-linux-gnu/libc.so.6", O_RDONLY|O_CLOEXEC) = 4
open("/usr/lib/x86_64-linux-gnu/libgdk-x11-2.0.so.0", O_RDONLY|O_CLOEXEC) = 4
open("/usr/lib/x86_64-linux-gnu/libgmodule-2.0.so.0", O_RDONLY|O_CLOEXEC) = 4
open("/usr/lib/x86_64-linux-gnu/libpangocairo-1.0.so.0", O_RDONLY|O_CLOEXEC) = 4
open("/usr/lib/x86_64-linux-gnu/libX11.so.6", O_RDONLY|O_CLOEXEC) = 4
open("/usr/lib/x86_64-linux-gnu/libXfixes.so.3", O_RDONLY|O_CLOEXEC) = 4
open("/usr/lib/x86_64-linux-gnu/libatk-1.0.so.0", O_RDONLY|O_CLOEXEC) = 4
open("/usr/lib/x86_64-linux-gnu/libcairo.so.2", O_RDONLY|O_CLOEXEC) = 4
open("/usr/lib/x86_64-linux-gnu/libgdk_pixbuf-2.0.so.0", O_RDONLY|O_CLOEXEC) = 4
open("/usr/lib/x86_64-linux-gnu/libgio-2.0.so.0", O_RDONLY|O_CLOEXEC) = 4
open("/usr/lib/x86_64-linux-gnu/libpangoft2-1.0.so.0", O_RDONLY|O_CLOEXEC) = 4
open("/usr/lib/x86_64-linux-gnu/libpango-1.0.so.0", O_RDONLY|O_CLOEXEC) = 4
open("/usr/lib/x86_64-linux-gnu/libgobject-2.0.so.0", O_RDONLY|O_CLOEXEC) = 4
open("/lib/x86_64-linux-gnu/libglib-2.0.so.0", O_RDONLY|O_CLOEXEC) = 4
open("/usr/lib/x86_64-linux-gnu/libfontconfig.so.1", O_RDONLY|O_CLOEXEC) = 4
open("/lib/x86_64-linux-gnu/libm.so.6", O_RDONLY|O_CLOEXEC) = 4
open("/lib/x86_64-linux-gnu/libpthread.so.0", O_RDONLY|O_CLOEXEC) = 4
open("/usr/lib/x86_64-linux-gnu/libXrender.so.1", O_RDONLY|O_CLOEXEC) = 4
open("/usr/lib/x86_64-linux-gnu/libXinerama.so.1", O_RDONLY|O_CLOEXEC) = 4
open("/usr/lib/x86_64-linux-gnu/libXi.so.6", O_RDONLY|O_CLOEXEC) = 4
open("/usr/lib/x86_64-linux-gnu/libXrandr.so.2", O_RDONLY|O_CLOEXEC) = 4
open("/usr/lib/x86_64-linux-gnu/libXcursor.so.1", O_RDONLY|O_CLOEXEC) = 4
open("/usr/lib/x86_64-linux-gnu/libXcomposite.so.1", O_RDONLY|O_CLOEXEC) = 4
open("/usr/lib/x86_64-linux-gnu/libXdamage.so.1", O_RDONLY|O_CLOEXEC) = 4
open("/usr/lib/x86_64-linux-gnu/libXext.so.6", O_RDONLY|O_CLOEXEC) = 4
open("/lib/x86_64-linux-gnu/libdl.so.2", O_RDONLY|O_CLOEXEC) = 4
open("/usr/lib/x86_64-linux-gnu/libfreetype.so.6", O_RDONLY|O_CLOEXEC) = 4
open("/usr/lib/x86_64-linux-gnu/libxcb.so.1", O_RDONLY|O_CLOEXEC) = 4
open("/usr/lib/x86_64-linux-gnu/libpixman-1.so.0", O_RDONLY|O_CLOEXEC) = 4
open("/usr/local/lib/libpng12.so.0", O_RDONLY|O_CLOEXEC) = 4
open("/usr/lib/x86_64-linux-gnu/libxcb-shm.so.0", O_RDONLY|O_CLOEXEC) = 4
open("/usr/lib/x86_64-linux-gnu/libxcb-render.so.0", O_RDONLY|O_CLOEXEC) = 4
open("/lib/x86_64-linux-gnu/libz.so.1", O_RDONLY|O_CLOEXEC) = 4
open("/lib/x86_64-linux-gnu/librt.so.1", O_RDONLY|O_CLOEXEC) = 4
open("/lib/x86_64-linux-gnu/libselinux.so.1", O_RDONLY|O_CLOEXEC) = 4
open("/lib/x86_64-linux-gnu/libresolv.so.2", O_RDONLY|O_CLOEXEC) = 4
open("/usr/lib/x86_64-linux-gnu/libharfbuzz.so.0", O_RDONLY|O_CLOEXEC) = 4
open("/usr/lib/x86_64-linux-gnu/libthai.so.0", O_RDONLY|O_CLOEXEC) = 4
open("/usr/lib/x86_64-linux-gnu/libffi.so.6", O_RDONLY|O_CLOEXEC) = 4
open("/lib/x86_64-linux-gnu/libpcre.so.3", O_RDONLY|O_CLOEXEC) = 4
open("/lib/x86_64-linux-gnu/libexpat.so.1", O_RDONLY|O_CLOEXEC) = 4
open("/usr/lib/x86_64-linux-gnu/libXau.so.6", O_RDONLY|O_CLOEXEC) = 4
open("/usr/lib/x86_64-linux-gnu/libXdmcp.so.6", O_RDONLY|O_CLOEXEC) = 4
open("/usr/lib/x86_64-linux-gnu/libgraphite2.so.3", O_RDONLY|O_CLOEXEC) = 4
open("/usr/lib/x86_64-linux-gnu/libdatrie.so.1", O_RDONLY|O_CLOEXEC) = 4
open("/proc/filesystems", O_RDONLY)     = 4
open("/usr/lib/locale/locale-archive", O_RDONLY|O_CLOEXEC) = 4
open("/usr/share/locale/locale.alias", O_RDONLY|O_CLOEXEC) = 4
open("/usr/share/locale/zh_CN/LC_MESSAGES/messages.mo", O_RDONLY) = -1 ENOENT (No such file or directory)
open("/usr/share/locale/zh/LC_MESSAGES/messages.mo", O_RDONLY) = -1 ENOENT (No such file or directory)
open("/usr/share/locale-langpack/zh_CN/LC_MESSAGES/messages.mo", O_RDONLY) = -1 ENOENT (No such file or directory)
open("/usr/share/locale-langpack/zh/LC_MESSAGES/messages.mo", O_RDONLY) = -1 ENOENT (No such file or directory)
open("/usr/share/locale/zh_CN/LC_MESSAGES/gtk20.mo", O_RDONLY) = -1 ENOENT (No such file or directory)
open("/usr/share/locale/zh/LC_MESSAGES/gtk20.mo", O_RDONLY) = -1 ENOENT (No such file or directory)
open("/usr/share/locale-langpack/zh_CN/LC_MESSAGES/gtk20.mo", O_RDONLY) = 4
open("/usr/lib/x86_64-linux-gnu/gconv/gconv-modules.cache", O_RDONLY) = 4
open("/usr/share/locale/zh_CN/LC_MESSAGES/libc.mo", O_RDONLY) = -1 ENOENT (No such file or directory)
open("/usr/share/locale/zh/LC_MESSAGES/libc.mo", O_RDONLY) = -1 ENOENT (No such file or directory)
open("/usr/share/locale-langpack/zh_CN/LC_MESSAGES/libc.mo", O_RDONLY) = 4
open("/usr/share/locale-langpack/zh/LC_MESSAGES/libc.mo", O_RDONLY) = -1 ENOENT (No such file or directory)
open("/usr/share/X11/locale/locale.alias", O_RDONLY) = 4
open("/usr/share/X11/locale/locale.alias", O_RDONLY) = 4
open("/usr/share/X11/locale/locale.dir", O_RDONLY) = 4
open("/usr/share/X11/locale/zh_CN.UTF-8/XLC_LOCALE", O_RDONLY) = 4
open("/usr/share/locale/zh_CN/LC_MESSAGES/gtk20-properties.mo", O_RDONLY) = -1 ENOENT (No such file or directory)
open("/usr/share/locale/zh/LC_MESSAGES/gtk20-properties.mo", O_RDONLY) = -1 ENOENT (No such file or directory)
open("/usr/share/locale-langpack/zh_CN/LC_MESSAGES/gtk20-properties.mo", O_RDONLY) = 4
open("/usr/lib/x86_64-linux-gnu/gtk-2.0/modules/liboverlay-scrollbar.so", O_RDONLY|O_CLOEXEC) = 4
open("/usr/lib/x86_64-linux-gnu/gtk-2.0/modules/libgail.so", O_RDONLY|O_CLOEXEC) = 4
open("/etc/ld.so.cache", O_RDONLY|O_CLOEXEC) = 4
open("/usr/lib/x86_64-linux-gnu/libgailutil.so.18", O_RDONLY|O_CLOEXEC) = 4
open("/usr/lib/x86_64-linux-gnu/gtk-2.0/modules/libatk-bridge.so", O_RDONLY|O_CLOEXEC) = 4
open("/etc/ld.so.cache", O_RDONLY|O_CLOEXEC) = 4
open("/usr/lib/x86_64-linux-gnu/libatk-bridge-2.0.so.0", O_RDONLY|O_CLOEXEC) = 4
open("/usr/lib/x86_64-linux-gnu/libatspi.so.0", O_RDONLY|O_CLOEXEC) = 4
open("/lib/x86_64-linux-gnu/libdbus-1.so.3", O_RDONLY|O_CLOEXEC) = 4
open("/lib/x86_64-linux-gnu/libsystemd.so.0", O_RDONLY|O_CLOEXEC) = 4
open("/lib/x86_64-linux-gnu/liblzma.so.5", O_RDONLY|O_CLOEXEC) = 4
open("/lib/x86_64-linux-gnu/libgcrypt.so.20", O_RDONLY|O_CLOEXEC) = 4
open("/lib/x86_64-linux-gnu/libgpg-error.so.0", O_RDONLY|O_CLOEXEC) = 4
open("/usr/lib/x86_64-linux-gnu/gtk-2.0/modules/libgtk-vector-screenshot.so", O_RDONLY|O_CLOEXEC) = 4
open("/tmp/xauth-1000-_0", O_RDONLY)    = 5
open("/usr/share/locale-langpack/zh/LC_MESSAGES/gtk20-properties.mo", O_RDONLY) = -1 ENOENT (No such file or directory)
open("/usr/share/locale/zh_CN/LC_MESSAGES/glib20.mo", O_RDONLY) = -1 ENOENT (No such file or directory)
open("/usr/share/locale/zh/LC_MESSAGES/glib20.mo", O_RDONLY) = -1 ENOENT (No such file or directory)
open("/usr/share/locale-langpack/zh_CN/LC_MESSAGES/glib20.mo", O_RDONLY) = 6
open("/usr/share/locale-langpack/zh/LC_MESSAGES/glib20.mo", O_RDONLY) = -1 ENOENT (No such file or directory)
open("/var/lib/snapd/desktop/glib-2.0/schemas/gschemas.compiled", O_RDONLY) = -1 ENOENT (No such file or directory)
open("/usr/lib/x86_64-linux-gnu/charset.alias", O_RDONLY) = -1 ENOENT (No such file or directory)
open("/usr/share/glib-2.0/schemas/gschemas.compiled", O_RDONLY) = 6
open("/usr/local/share/glib-2.0/schemas/gschemas.compiled", O_RDONLY) = -1 ENOENT (No such file or directory)
open("/usr/share/plasma/glib-2.0/schemas/gschemas.compiled", O_RDONLY) = -1 ENOENT (No such file or directory)
open("/usr/lib/x86_64-linux-gnu/gio/modules", O_RDONLY|O_NONBLOCK|O_DIRECTORY|O_CLOEXEC) = 6
open("/usr/lib/x86_64-linux-gnu/gio/modules/giomodule.cache", O_RDONLY) = 7
open("/usr/lib/x86_64-linux-gnu/gio/modules/libgiognomeproxy.so", O_RDONLY|O_CLOEXEC) = 7
open("/usr/lib/x86_64-linux-gnu/gio/modules/libgioremote-volume-monitor.so", O_RDONLY|O_CLOEXEC) = 7
open("/usr/lib/x86_64-linux-gnu/gvfs/tls/x86_64/libgvfscommon.so", O_RDONLY|O_CLOEXEC) = -1 ENOENT (No such file or directory)
open("/usr/lib/x86_64-linux-gnu/gvfs/tls/libgvfscommon.so", O_RDONLY|O_CLOEXEC) = -1 ENOENT (No such file or directory)
open("/usr/lib/x86_64-linux-gnu/gvfs/x86_64/libgvfscommon.so", O_RDONLY|O_CLOEXEC) = -1 ENOENT (No such file or directory)
open("/usr/lib/x86_64-linux-gnu/gvfs/libgvfscommon.so", O_RDONLY|O_CLOEXEC) = 7
open("/usr/share/gvfs/remote-volume-monitors", O_RDONLY|O_NONBLOCK|O_DIRECTORY|O_CLOEXEC) = 10
open("/usr/share/locale/locale.alias", O_RDONLY) = 11
open("/usr/share/gvfs/remote-volume-monitors/goa.monitor", O_RDONLY) = 11
open("/usr/share/gvfs/remote-volume-monitors/udisks2.monitor", O_RDONLY) = 11
open("/usr/share/gvfs/remote-volume-monitors/mtp.monitor", O_RDONLY) = 11
open("/usr/share/gvfs/remote-volume-monitors/gphoto2.monitor", O_RDONLY) = 11
open("/usr/share/gvfs/remote-volume-monitors/afc.monitor", O_RDONLY) = 11
open("/usr/lib/x86_64-linux-gnu/gio/modules/libgiognutls.so", O_RDONLY|O_CLOEXEC) = 10
open("/etc/ld.so.cache", O_RDONLY|O_CLOEXEC) = 10
open("/usr/lib/x86_64-linux-gnu/libp11-kit.so.0", O_RDONLY|O_CLOEXEC) = 10
open("/usr/lib/x86_64-linux-gnu/libgnutls.so.30", O_RDONLY|O_CLOEXEC) = 10
open("/usr/lib/x86_64-linux-gnu/libidn.so.11", O_RDONLY|O_CLOEXEC) = 10
open("/usr/lib/x86_64-linux-gnu/libtasn1.so.6", O_RDONLY|O_CLOEXEC) = 10
open("/usr/lib/x86_64-linux-gnu/libnettle.so.6", O_RDONLY|O_CLOEXEC) = 10
open("/usr/lib/x86_64-linux-gnu/libhogweed.so.4", O_RDONLY|O_CLOEXEC) = 10
open("/usr/lib/x86_64-linux-gnu/libgmp.so.10", O_RDONLY|O_CLOEXEC) = 10
open("/dev/urandom", O_RDONLY)          = 10
open("/usr/lib/x86_64-linux-gnu/gio/modules/libgiolibproxy.so", O_RDONLY|O_CLOEXEC) = 10
open("/etc/ld.so.cache", O_RDONLY|O_CLOEXEC) = 10
open("/usr/lib/x86_64-linux-gnu/libproxy.so.1", O_RDONLY|O_CLOEXEC) = 10
open("/usr/lib/x86_64-linux-gnu/libstdc++.so.6", O_RDONLY|O_CLOEXEC) = 10
open("/lib/x86_64-linux-gnu/libgcc_s.so.1", O_RDONLY|O_CLOEXEC) = 10
open("/usr/lib/x86_64-linux-gnu/gio/modules/libdconfsettings.so", O_RDONLY|O_CLOEXEC) = 10
open("/usr/lib/x86_64-linux-gnu/gio/modules/libgvfsdbus.so", O_RDONLY|O_CLOEXEC) = 10
open("/usr/lib/gio/modules", O_RDONLY|O_NONBLOCK|O_DIRECTORY|O_CLOEXEC) = -1 ENOENT (No such file or directory)
open("/etc/dconf/profile/user", O_RDONLY) = -1 ENOENT (No such file or directory)
open("/usr/share/plasma/dconf/profile/user", O_RDONLY) = -1 ENOENT (No such file or directory)
open("/usr/local/share/dconf/profile/user", O_RDONLY) = -1 ENOENT (No such file or directory)
open("/usr/share/dconf/profile/user", O_RDONLY) = -1 ENOENT (No such file or directory)
open("/var/lib/snapd/desktop/dconf/profile/user", O_RDONLY) = -1 ENOENT (No such file or directory)
open("/run/user/1000/dconf/user", O_RDWR|O_CREAT, 0600) = 6
open("/root/.config/dconf/user", O_RDONLY) = -1 ENOENT (No such file or directory)
open("/usr/share/locale/zh_CN/LC_MESSAGES/atk10.mo", O_RDONLY) = -1 ENOENT (No such file or directory)
open("/usr/share/locale/zh/LC_MESSAGES/atk10.mo", O_RDONLY) = -1 ENOENT (No such file or directory)
open("/usr/share/locale-langpack/zh_CN/LC_MESSAGES/atk10.mo", O_RDONLY) = 10
open("/tmp/xauth-1000-_0", O_RDONLY)    = 11
open("/home/czl/.gtkrc-2.0", O_RDONLY)  = 12
open("/usr/share/themes/Breeze/gtk-2.0/gtkrc", O_RDONLY) = 13
open("/usr/lib/x86_64-linux-gnu/gtk-2.0/2.10.0/engines/libpixmap.so", O_RDONLY|O_CLOEXEC) = 14
open("/home/czl/.config/gtkrc-2.0", O_RDONLY) = 12
open("/usr/share/themes/Breeze/gtk-2.0/gtkrc", O_RDONLY) = 12
open("/root/.Xdefaults-czl-ThinkPad-T420", O_RDONLY) = -1 ENOENT (No such file or directory)
--- SIGINT {si_signo=SIGINT, si_code=SI_KERNEL} ---
+++ killed by SIGINT +++
