This file contains any messages produced by compilers while
running configure, to aid debugging if configure makes a mistake.

It was created by libmgplus configure 1.2.4, which was
generated by GNU Autoconf 2.65.  Invocation command line was

  $ ./configure 

## --------- ##
## Platform. ##
## --------- ##

hostname = czl-ThinkPad-T420
uname -m = i686
uname -r = 4.8.0-22-generic
uname -s = Linux
uname -v = #24-Ubuntu SMP Sat Oct 8 09:14:42 UTC 2016

/usr/bin/uname -p = unknown
/bin/uname -X     = unknown

/bin/arch              = unknown
/usr/bin/arch -k       = unknown
/usr/convex/getsysinfo = unknown
/usr/bin/hostinfo      = unknown
/bin/machine           = unknown
/usr/bin/oslevel       = unknown
/bin/universe          = unknown

PATH: /usr/local/sbin
PATH: /usr/local/bin
PATH: /usr/sbin
PATH: /usr/bin
PATH: /sbin
PATH: /bin
PATH: /usr/games
PATH: /usr/local/games


## ----------- ##
## Core tests. ##
## ----------- ##

configure:2502: checking build system type
configure:2516: result: i686-pc-linux-gnu
configure:2536: checking host system type
configure:2549: result: i686-pc-linux-gnu
configure:2569: checking target system type
configure:2582: result: i686-pc-linux-gnu
configure:2685: checking for gcc
configure:2701: found /usr/bin/gcc
configure:2712: result: gcc
configure:2941: checking for C compiler version
configure:2950: gcc --version >&5
gcc (Ubuntu 6.2.0-5ubuntu12) 6.2.0 20161005
Copyright (C) 2016 Free Software Foundation, Inc.
This is free software; see the source for copying conditions.  There is NO
warranty; not even for MERCHANTABILITY or FITNESS FOR A PARTICULAR PURPOSE.

configure:2961: $? = 0
configure:2950: gcc -v >&5
Using built-in specs.
COLLECT_GCC=gcc
COLLECT_LTO_WRAPPER=/usr/lib/gcc/i686-linux-gnu/6/lto-wrapper
Target: i686-linux-gnu
Configured with: ../src/configure -v --with-pkgversion='Ubuntu 6.2.0-5ubuntu12' --with-bugurl=file:///usr/share/doc/gcc-6/README.Bugs --enable-languages=c,ada,c++,java,go,d,fortran,objc,obj-c++ --prefix=/usr --program-suffix=-6 --program-prefix=i686-linux-gnu- --enable-shared --enable-linker-build-id --libexecdir=/usr/lib --without-included-gettext --enable-threads=posix --libdir=/usr/lib --enable-nls --with-sysroot=/ --enable-clocale=gnu --enable-libstdcxx-debug --enable-libstdcxx-time=yes --with-default-libstdcxx-abi=new --enable-gnu-unique-object --disable-vtable-verify --enable-libmpx --enable-plugin --with-system-zlib --disable-browser-plugin --enable-java-awt=gtk --enable-gtk-cairo --with-java-home=/usr/lib/jvm/java-1.5.0-gcj-6-i386/jre --enable-java-home --with-jvm-root-dir=/usr/lib/jvm/java-1.5.0-gcj-6-i386 --with-jvm-jar-dir=/usr/lib/jvm-exports/java-1.5.0-gcj-6-i386 --with-arch-directory=i386 --with-ecj-jar=/usr/share/java/eclipse-ecj.jar --enable-objc-gc --enable-targets=all --enable-multiarch --disable-werror --with-arch-32=i686 --with-multilib-list=m32,m64,mx32 --enable-multilib --with-tune=generic --enable-checking=release --build=i686-linux-gnu --host=i686-linux-gnu --target=i686-linux-gnu
Thread model: posix
gcc version 6.2.0 20161005 (Ubuntu 6.2.0-5ubuntu12) 
configure:2961: $? = 0
configure:2950: gcc -V >&5
gcc: error: unrecognized command line option '-V'
gcc: fatal error: no input files
compilation terminated.
configure:2961: $? = 1
configure:2950: gcc -qversion >&5
gcc: error: unrecognized command line option '-qversion'; did you mean '--version'?
gcc: fatal error: no input files
compilation terminated.
configure:2961: $? = 1
configure:2981: checking whether the C compiler works
configure:3003: gcc    conftest.c  >&5
configure:3007: $? = 0
configure:3056: result: yes
configure:3059: checking for C compiler default output file name
configure:3061: result: a.out
configure:3067: checking for suffix of executables
configure:3074: gcc -o conftest    conftest.c  >&5
configure:3078: $? = 0
configure:3100: result: 
configure:3122: checking whether we are cross compiling
configure:3130: gcc -o conftest    conftest.c  >&5
configure:3134: $? = 0
configure:3141: ./conftest
configure:3145: $? = 0
configure:3160: result: no
configure:3165: checking for suffix of object files
configure:3187: gcc -c   conftest.c >&5
configure:3191: $? = 0
configure:3212: result: o
configure:3216: checking whether we are using the GNU C compiler
configure:3235: gcc -c   conftest.c >&5
configure:3235: $? = 0
configure:3244: result: yes
configure:3253: checking whether gcc accepts -g
configure:3273: gcc -c -g  conftest.c >&5
configure:3273: $? = 0
configure:3314: result: yes
configure:3331: checking for gcc option to accept ISO C89
configure:3395: gcc  -c -g -O2  conftest.c >&5
configure:3395: $? = 0
configure:3408: result: none needed
configure:3486: checking for g++
configure:3502: found /usr/bin/g++
configure:3513: result: g++
configure:3540: checking for C++ compiler version
configure:3549: g++ --version >&5
g++ (Ubuntu 6.2.0-5ubuntu12) 6.2.0 20161005
Copyright (C) 2016 Free Software Foundation, Inc.
This is free software; see the source for copying conditions.  There is NO
warranty; not even for MERCHANTABILITY or FITNESS FOR A PARTICULAR PURPOSE.

configure:3560: $? = 0
configure:3549: g++ -v >&5
Using built-in specs.
COLLECT_GCC=g++
COLLECT_LTO_WRAPPER=/usr/lib/gcc/i686-linux-gnu/6/lto-wrapper
Target: i686-linux-gnu
Configured with: ../src/configure -v --with-pkgversion='Ubuntu 6.2.0-5ubuntu12' --with-bugurl=file:///usr/share/doc/gcc-6/README.Bugs --enable-languages=c,ada,c++,java,go,d,fortran,objc,obj-c++ --prefix=/usr --program-suffix=-6 --program-prefix=i686-linux-gnu- --enable-shared --enable-linker-build-id --libexecdir=/usr/lib --without-included-gettext --enable-threads=posix --libdir=/usr/lib --enable-nls --with-sysroot=/ --enable-clocale=gnu --enable-libstdcxx-debug --enable-libstdcxx-time=yes --with-default-libstdcxx-abi=new --enable-gnu-unique-object --disable-vtable-verify --enable-libmpx --enable-plugin --with-system-zlib --disable-browser-plugin --enable-java-awt=gtk --enable-gtk-cairo --with-java-home=/usr/lib/jvm/java-1.5.0-gcj-6-i386/jre --enable-java-home --with-jvm-root-dir=/usr/lib/jvm/java-1.5.0-gcj-6-i386 --with-jvm-jar-dir=/usr/lib/jvm-exports/java-1.5.0-gcj-6-i386 --with-arch-directory=i386 --with-ecj-jar=/usr/share/java/eclipse-ecj.jar --enable-objc-gc --enable-targets=all --enable-multiarch --disable-werror --with-arch-32=i686 --with-multilib-list=m32,m64,mx32 --enable-multilib --with-tune=generic --enable-checking=release --build=i686-linux-gnu --host=i686-linux-gnu --target=i686-linux-gnu
Thread model: posix
gcc version 6.2.0 20161005 (Ubuntu 6.2.0-5ubuntu12) 
configure:3560: $? = 0
configure:3549: g++ -V >&5
g++: error: unrecognized command line option '-V'
g++: fatal error: no input files
compilation terminated.
configure:3560: $? = 1
configure:3549: g++ -qversion >&5
g++: error: unrecognized command line option '-qversion'; did you mean '--version'?
g++: fatal error: no input files
compilation terminated.
configure:3560: $? = 1
configure:3564: checking whether we are using the GNU C++ compiler
configure:3583: g++ -c   conftest.cpp >&5
configure:3583: $? = 0
configure:3592: result: yes
configure:3601: checking whether g++ accepts -g
configure:3621: g++ -c -g  conftest.cpp >&5
configure:3621: $? = 0
configure:3662: result: yes
configure:3707: checking for ld used by GCC
configure:3770: result: /usr/bin/ld
configure:3777: checking if the linker (/usr/bin/ld) is GNU ld
GNU ld (GNU Binutils for Ubuntu) 2.27
configure:3789: result: yes
configure:3837: checking for ranlib
configure:3853: found /usr/bin/ranlib
configure:3864: result: ranlib
configure:3952: checking for /usr/bin/ld option to reload object files
configure:3959: result: -r
configure:3964: checking for BSD-compatible nm
configure:4000: result: /usr/bin/nm -B
configure:4003: checking for a sed that does not truncate output
configure:4085: result: /bin/sed
configure:4088: checking whether ln -s works
configure:4092: result: yes
configure:4099: checking how to recognise dependent libraries
configure:4280: result: pass_all
configure:4293: checking command to parse /usr/bin/nm -B output
configure:4377: gcc -c -g -O2  conftest.c >&5
configure:4380: $? = 0
configure:4384: /usr/bin/nm -B conftest.o \| sed -n -e 's/^.*[ 	]\([ABCDGISTW][ABCDGISTW]*\)[ 	][ 	]*\(\)\([_A-Za-z][_A-Za-z0-9]*\)$/\1 \2\3 \3/p' \> conftest.nm
configure:4387: $? = 0
configure:4439: gcc -o conftest -g -O2   conftest.c conftstm.o >&5
configure:4442: $? = 0
configure:4486: result: ok
configure:4495: checking how to run the C preprocessor
configure:4526: gcc -E  conftest.c
configure:4526: $? = 0
configure:4540: gcc -E  conftest.c
conftest.c:14:28: fatal error: ac_nonexistent.h: No such file or directory
 #include <ac_nonexistent.h>
                            ^
compilation terminated.
configure:4540: $? = 1
configure: failed program was:
| /* confdefs.h */
| #define PACKAGE_NAME "libmgplus"
| #define PACKAGE_TARNAME "libmgplus"
| #define PACKAGE_VERSION "1.2.4"
| #define PACKAGE_STRING "libmgplus 1.2.4"
| #define PACKAGE_BUGREPORT ""
| #define PACKAGE_URL ""
| #define MGPLUS_MAJOR_VERSION 1
| #define MGPLUS_MINOR_VERSION 2
| #define MGPLUS_MICRO_VERSION 4
| #define MGPLUS_INTERFACE_AGE 0
| #define MGPLUS_BINARY_AGE 0
| /* end confdefs.h.  */
| #include <ac_nonexistent.h>
configure:4565: result: gcc -E
configure:4585: gcc -E  conftest.c
configure:4585: $? = 0
configure:4599: gcc -E  conftest.c
conftest.c:14:28: fatal error: ac_nonexistent.h: No such file or directory
 #include <ac_nonexistent.h>
                            ^
compilation terminated.
configure:4599: $? = 1
configure: failed program was:
| /* confdefs.h */
| #define PACKAGE_NAME "libmgplus"
| #define PACKAGE_TARNAME "libmgplus"
| #define PACKAGE_VERSION "1.2.4"
| #define PACKAGE_STRING "libmgplus 1.2.4"
| #define PACKAGE_BUGREPORT ""
| #define PACKAGE_URL ""
| #define MGPLUS_MAJOR_VERSION 1
| #define MGPLUS_MINOR_VERSION 2
| #define MGPLUS_MICRO_VERSION 4
| #define MGPLUS_INTERFACE_AGE 0
| #define MGPLUS_BINARY_AGE 0
| /* end confdefs.h.  */
| #include <ac_nonexistent.h>
configure:4628: checking for grep that handles long lines and -e
configure:4686: result: /bin/grep
configure:4691: checking for egrep
configure:4753: result: /bin/grep -E
configure:4758: checking for ANSI C header files
configure:4778: gcc -c -g -O2  conftest.c >&5
configure:4778: $? = 0
configure:4851: gcc -o conftest -g -O2   conftest.c  >&5
configure:4851: $? = 0
configure:4851: ./conftest
configure:4851: $? = 0
configure:4862: result: yes
configure:4875: checking for sys/types.h
configure:4875: gcc -c -g -O2  conftest.c >&5
configure:4875: $? = 0
configure:4875: result: yes
configure:4875: checking for sys/stat.h
configure:4875: gcc -c -g -O2  conftest.c >&5
configure:4875: $? = 0
configure:4875: result: yes
configure:4875: checking for stdlib.h
configure:4875: gcc -c -g -O2  conftest.c >&5
configure:4875: $? = 0
configure:4875: result: yes
configure:4875: checking for string.h
configure:4875: gcc -c -g -O2  conftest.c >&5
configure:4875: $? = 0
configure:4875: result: yes
configure:4875: checking for memory.h
configure:4875: gcc -c -g -O2  conftest.c >&5
configure:4875: $? = 0
configure:4875: result: yes
configure:4875: checking for strings.h
configure:4875: gcc -c -g -O2  conftest.c >&5
configure:4875: $? = 0
configure:4875: result: yes
configure:4875: checking for inttypes.h
configure:4875: gcc -c -g -O2  conftest.c >&5
configure:4875: $? = 0
configure:4875: result: yes
configure:4875: checking for stdint.h
configure:4875: gcc -c -g -O2  conftest.c >&5
configure:4875: $? = 0
configure:4875: result: yes
configure:4875: checking for unistd.h
configure:4875: gcc -c -g -O2  conftest.c >&5
configure:4875: $? = 0
configure:4875: result: yes
configure:4890: checking dlfcn.h usability
configure:4890: gcc -c -g -O2  conftest.c >&5
configure:4890: $? = 0
configure:4890: result: yes
configure:4890: checking dlfcn.h presence
configure:4890: gcc -E  conftest.c
configure:4890: $? = 0
configure:4890: result: yes
configure:4890: checking for dlfcn.h
configure:4890: result: yes
configure:5087: checking for ranlib
configure:5114: result: ranlib
configure:5179: checking for strip
configure:5195: found /usr/bin/strip
configure:5206: result: strip
configure:5409: checking for objdir
configure:5420: result: .libs
configure:5441: checking for gcc option to produce PIC
configure:5587: result: -fPIC
configure:5591: checking if gcc PIC flag -fPIC works
configure:5609: gcc -c -g -O2 -fPIC -DPIC  conftest.c >&5
configure:5609: $? = 0
configure:5643: result: yes
configure:5663: checking if gcc static flag -static works
configure:5682: gcc -o conftest -g -O2   -static conftest.c  >&5
configure:5682: $? = 0
configure:5694: result: yes
configure:5710: checking if gcc supports -c -o file.o
configure:5730: gcc -c -g -O2 -o out/conftest2.o  conftest.c >&5
configure:5754: result: yes
configure:5759: checking if gcc supports -c -o file.lo
configure:5781: gcc -c -g -O2 -c -o conftest.lo  conftest.c >&5
configure:5781: $? = 0
configure:5798: result: yes
configure:5837: checking if gcc supports -fno-rtti -fno-exceptions
configure:5854: gcc -c -g -O2 -fno-rtti -fno-exceptions -c conftest.c  conftest.c >&5
cc1: warning: command line option '-fno-rtti' is valid for C++/ObjC++ but not for C
cc1: warning: command line option '-fno-rtti' is valid for C++/ObjC++ but not for C
configure:5854: $? = 0
configure:5866: result: no
configure:5881: checking whether the linker (/usr/bin/ld) supports shared libraries
configure:6576: result: yes
configure:6585: checking how to hardcode library paths into programs
configure:6609: result: immediate
configure:6618: checking whether stripping libraries is possible
configure:6623: result: yes
configure:6638: checking dynamic linker characteristics
configure:7069: result: GNU/Linux ld.so
configure:7078: checking if libtool supports shared libraries
configure:7080: result: yes
configure:7087: checking whether to build shared libraries
configure:7108: result: yes
configure:7115: checking whether to build static libraries
configure:7119: result: yes
configure:7583: checking whether -lc should be explicitly linked in
configure:7591: gcc -c -g -O2  conftest.c >&5
configure:7594: $? = 0
configure:7608: gcc -shared conftest.o  -v -Wl,-soname -Wl,conftest -o conftest 2\>\&1 \| grep  -lc  \>/dev/null 2\>\&1
configure:7611: $? = 0
configure:7624: result: no
configure:8217: checking for a BSD-compatible install
configure:8285: result: /usr/bin/install -c
configure:8296: checking whether ln -s works
configure:8300: result: yes
configure:8307: checking whether make sets $(MAKE)
configure:8329: result: yes
configure:8341: checking whether build environment is sane
configure:8391: result: yes
configure:8532: checking for a thread-safe mkdir -p
configure:8571: result: /bin/mkdir -p
configure:8584: checking for gawk
configure:8614: result: no
configure:8584: checking for mawk
configure:8600: found /usr/bin/mawk
configure:8611: result: mawk
configure:8643: checking for style of include used by make
configure:8671: result: GNU
configure:8747: checking dependency style of gcc
configure:8857: result: gcc3
configure:8874: checking dependency style of g++
configure:8984: result: gcc3
configure:9007: checking for dirent.h that defines DIR
configure:9026: gcc -c -g -O2  conftest.c >&5
configure:9026: $? = 0
configure:9034: result: yes
configure:9048: checking for library containing opendir
configure:9079: gcc -o conftest -g -O2   conftest.c  >&5
configure:9079: $? = 0
configure:9096: result: none required
configure:9163: checking for ANSI C header files
configure:9267: result: yes
configure:9275: checking for sys/wait.h that is POSIX.1 compatible
configure:9301: gcc -c -g -O2  conftest.c >&5
configure:9301: $? = 0
configure:9308: result: yes
configure:9319: checking fcntl.h usability
configure:9319: gcc -c -g -O2  conftest.c >&5
configure:9319: $? = 0
configure:9319: result: yes
configure:9319: checking fcntl.h presence
configure:9319: gcc -E  conftest.c
configure:9319: $? = 0
configure:9319: result: yes
configure:9319: checking for fcntl.h
configure:9319: result: yes
configure:9319: checking for stdlib.h
configure:9319: result: yes
configure:9319: checking for string.h
configure:9319: result: yes
configure:9319: checking sys/ioctl.h usability
configure:9319: gcc -c -g -O2  conftest.c >&5
configure:9319: $? = 0
configure:9319: result: yes
configure:9319: checking sys/ioctl.h presence
configure:9319: gcc -E  conftest.c
configure:9319: $? = 0
configure:9319: result: yes
configure:9319: checking for sys/ioctl.h
configure:9319: result: yes
configure:9319: checking sys/time.h usability
configure:9319: gcc -c -g -O2  conftest.c >&5
configure:9319: $? = 0
configure:9319: result: yes
configure:9319: checking sys/time.h presence
configure:9319: gcc -E  conftest.c
configure:9319: $? = 0
configure:9319: result: yes
configure:9319: checking for sys/time.h
configure:9319: result: yes
configure:9319: checking termio.h usability
configure:9319: gcc -c -g -O2  conftest.c >&5
configure:9319: $? = 0
configure:9319: result: yes
configure:9319: checking termio.h presence
configure:9319: gcc -E  conftest.c
configure:9319: $? = 0
configure:9319: result: yes
configure:9319: checking for termio.h
configure:9319: result: yes
configure:9319: checking termios.h usability
configure:9319: gcc -c -g -O2  conftest.c >&5
configure:9319: $? = 0
configure:9319: result: yes
configure:9319: checking termios.h presence
configure:9319: gcc -E  conftest.c
configure:9319: $? = 0
configure:9319: result: yes
configure:9319: checking for termios.h
configure:9319: result: yes
configure:9319: checking for unistd.h
configure:9319: result: yes
configure:9332: checking for stdbool.h that conforms to C99
configure:9417: gcc -c -g -O2  conftest.c >&5
configure:9417: $? = 0
configure:9424: result: yes
configure:9426: checking for _Bool
configure:9426: gcc -c -g -O2  conftest.c >&5
configure:9426: $? = 0
configure:9426: gcc -c -g -O2  conftest.c >&5
conftest.c: In function 'main':
conftest.c:72:20: error: expected expression before ')' token
 if (sizeof ((_Bool)))
                    ^
configure:9426: $? = 1
configure: failed program was:
| /* confdefs.h */
| #define PACKAGE_NAME "libmgplus"
| #define PACKAGE_TARNAME "libmgplus"
| #define PACKAGE_VERSION "1.2.4"
| #define PACKAGE_STRING "libmgplus 1.2.4"
| #define PACKAGE_BUGREPORT ""
| #define PACKAGE_URL ""
| #define MGPLUS_MAJOR_VERSION 1
| #define MGPLUS_MINOR_VERSION 2
| #define MGPLUS_MICRO_VERSION 4
| #define MGPLUS_INTERFACE_AGE 0
| #define MGPLUS_BINARY_AGE 0
| #define STDC_HEADERS 1
| #define HAVE_SYS_TYPES_H 1
| #define HAVE_SYS_STAT_H 1
| #define HAVE_STDLIB_H 1
| #define HAVE_STRING_H 1
| #define HAVE_MEMORY_H 1
| #define HAVE_STRINGS_H 1
| #define HAVE_INTTYPES_H 1
| #define HAVE_STDINT_H 1
| #define HAVE_UNISTD_H 1
| #define HAVE_DLFCN_H 1
| #define HAVE_DIRENT_H 1
| #define STDC_HEADERS 1
| #define HAVE_SYS_WAIT_H 1
| #define HAVE_FCNTL_H 1
| #define HAVE_STDLIB_H 1
| #define HAVE_STRING_H 1
| #define HAVE_SYS_IOCTL_H 1
| #define HAVE_SYS_TIME_H 1
| #define HAVE_TERMIO_H 1
| #define HAVE_TERMIOS_H 1
| #define HAVE_UNISTD_H 1
| /* end confdefs.h.  */
| #include <stdio.h>
| #ifdef HAVE_SYS_TYPES_H
| # include <sys/types.h>
| #endif
| #ifdef HAVE_SYS_STAT_H
| # include <sys/stat.h>
| #endif
| #ifdef STDC_HEADERS
| # include <stdlib.h>
| # include <stddef.h>
| #else
| # ifdef HAVE_STDLIB_H
| #  include <stdlib.h>
| # endif
| #endif
| #ifdef HAVE_STRING_H
| # if !defined STDC_HEADERS && defined HAVE_MEMORY_H
| #  include <memory.h>
| # endif
| # include <string.h>
| #endif
| #ifdef HAVE_STRINGS_H
| # include <strings.h>
| #endif
| #ifdef HAVE_INTTYPES_H
| # include <inttypes.h>
| #endif
| #ifdef HAVE_STDINT_H
| # include <stdint.h>
| #endif
| #ifdef HAVE_UNISTD_H
| # include <unistd.h>
| #endif
| int
| main ()
| {
| if (sizeof ((_Bool)))
| 	    return 0;
|   ;
|   return 0;
| }
configure:9426: result: yes
configure:9442: checking for an ANSI C-conforming const
configure:9507: gcc -c -g -O2  conftest.c >&5
configure:9507: $? = 0
configure:9514: result: yes
configure:9522: checking for inline
configure:9538: gcc -c -g -O2  conftest.c >&5
configure:9538: $? = 0
configure:9546: result: inline
configure:9564: checking for pid_t
configure:9564: gcc -c -g -O2  conftest.c >&5
configure:9564: $? = 0
configure:9564: gcc -c -g -O2  conftest.c >&5
conftest.c: In function 'main':
conftest.c:74:20: error: expected expression before ')' token
 if (sizeof ((pid_t)))
                    ^
configure:9564: $? = 1
configure: failed program was:
| /* confdefs.h */
| #define PACKAGE_NAME "libmgplus"
| #define PACKAGE_TARNAME "libmgplus"
| #define PACKAGE_VERSION "1.2.4"
| #define PACKAGE_STRING "libmgplus 1.2.4"
| #define PACKAGE_BUGREPORT ""
| #define PACKAGE_URL ""
| #define MGPLUS_MAJOR_VERSION 1
| #define MGPLUS_MINOR_VERSION 2
| #define MGPLUS_MICRO_VERSION 4
| #define MGPLUS_INTERFACE_AGE 0
| #define MGPLUS_BINARY_AGE 0
| #define STDC_HEADERS 1
| #define HAVE_SYS_TYPES_H 1
| #define HAVE_SYS_STAT_H 1
| #define HAVE_STDLIB_H 1
| #define HAVE_STRING_H 1
| #define HAVE_MEMORY_H 1
| #define HAVE_STRINGS_H 1
| #define HAVE_INTTYPES_H 1
| #define HAVE_STDINT_H 1
| #define HAVE_UNISTD_H 1
| #define HAVE_DLFCN_H 1
| #define HAVE_DIRENT_H 1
| #define STDC_HEADERS 1
| #define HAVE_SYS_WAIT_H 1
| #define HAVE_FCNTL_H 1
| #define HAVE_STDLIB_H 1
| #define HAVE_STRING_H 1
| #define HAVE_SYS_IOCTL_H 1
| #define HAVE_SYS_TIME_H 1
| #define HAVE_TERMIO_H 1
| #define HAVE_TERMIOS_H 1
| #define HAVE_UNISTD_H 1
| #define HAVE__BOOL 1
| #define HAVE_STDBOOL_H 1
| /* end confdefs.h.  */
| #include <stdio.h>
| #ifdef HAVE_SYS_TYPES_H
| # include <sys/types.h>
| #endif
| #ifdef HAVE_SYS_STAT_H
| # include <sys/stat.h>
| #endif
| #ifdef STDC_HEADERS
| # include <stdlib.h>
| # include <stddef.h>
| #else
| # ifdef HAVE_STDLIB_H
| #  include <stdlib.h>
| # endif
| #endif
| #ifdef HAVE_STRING_H
| # if !defined STDC_HEADERS && defined HAVE_MEMORY_H
| #  include <memory.h>
| # endif
| # include <string.h>
| #endif
| #ifdef HAVE_STRINGS_H
| # include <strings.h>
| #endif
| #ifdef HAVE_INTTYPES_H
| # include <inttypes.h>
| #endif
| #ifdef HAVE_STDINT_H
| # include <stdint.h>
| #endif
| #ifdef HAVE_UNISTD_H
| # include <unistd.h>
| #endif
| int
| main ()
| {
| if (sizeof ((pid_t)))
| 	    return 0;
|   ;
|   return 0;
| }
configure:9564: result: yes
configure:9575: checking whether struct tm is in sys/time.h or time.h
configure:9595: gcc -c -g -O2  conftest.c >&5
configure:9595: $? = 0
configure:9602: result: time.h
configure:9612: checking whether closedir returns void
configure:9636: gcc -o conftest -g -O2   conftest.c  >&5
configure:9636: $? = 0
configure:9636: ./conftest
configure:9636: $? = 0
configure:9646: result: no
configure:9656: checking vfork.h usability
configure:9656: gcc -c -g -O2  conftest.c >&5
conftest.c:71:19: fatal error: vfork.h: No such file or directory
 #include <vfork.h>
                   ^
compilation terminated.
configure:9656: $? = 1
configure: failed program was:
| /* confdefs.h */
| #define PACKAGE_NAME "libmgplus"
| #define PACKAGE_TARNAME "libmgplus"
| #define PACKAGE_VERSION "1.2.4"
| #define PACKAGE_STRING "libmgplus 1.2.4"
| #define PACKAGE_BUGREPORT ""
| #define PACKAGE_URL ""
| #define MGPLUS_MAJOR_VERSION 1
| #define MGPLUS_MINOR_VERSION 2
| #define MGPLUS_MICRO_VERSION 4
| #define MGPLUS_INTERFACE_AGE 0
| #define MGPLUS_BINARY_AGE 0
| #define STDC_HEADERS 1
| #define HAVE_SYS_TYPES_H 1
| #define HAVE_SYS_STAT_H 1
| #define HAVE_STDLIB_H 1
| #define HAVE_STRING_H 1
| #define HAVE_MEMORY_H 1
| #define HAVE_STRINGS_H 1
| #define HAVE_INTTYPES_H 1
| #define HAVE_STDINT_H 1
| #define HAVE_UNISTD_H 1
| #define HAVE_DLFCN_H 1
| #define HAVE_DIRENT_H 1
| #define STDC_HEADERS 1
| #define HAVE_SYS_WAIT_H 1
| #define HAVE_FCNTL_H 1
| #define HAVE_STDLIB_H 1
| #define HAVE_STRING_H 1
| #define HAVE_SYS_IOCTL_H 1
| #define HAVE_SYS_TIME_H 1
| #define HAVE_TERMIO_H 1
| #define HAVE_TERMIOS_H 1
| #define HAVE_UNISTD_H 1
| #define HAVE__BOOL 1
| #define HAVE_STDBOOL_H 1
| /* end confdefs.h.  */
| #include <stdio.h>
| #ifdef HAVE_SYS_TYPES_H
| # include <sys/types.h>
| #endif
| #ifdef HAVE_SYS_STAT_H
| # include <sys/stat.h>
| #endif
| #ifdef STDC_HEADERS
| # include <stdlib.h>
| # include <stddef.h>
| #else
| # ifdef HAVE_STDLIB_H
| #  include <stdlib.h>
| # endif
| #endif
| #ifdef HAVE_STRING_H
| # if !defined STDC_HEADERS && defined HAVE_MEMORY_H
| #  include <memory.h>
| # endif
| # include <string.h>
| #endif
| #ifdef HAVE_STRINGS_H
| # include <strings.h>
| #endif
| #ifdef HAVE_INTTYPES_H
| # include <inttypes.h>
| #endif
| #ifdef HAVE_STDINT_H
| # include <stdint.h>
| #endif
| #ifdef HAVE_UNISTD_H
| # include <unistd.h>
| #endif
| #include <vfork.h>
configure:9656: result: no
configure:9656: checking vfork.h presence
configure:9656: gcc -E  conftest.c
conftest.c:38:19: fatal error: vfork.h: No such file or directory
 #include <vfork.h>
                   ^
compilation terminated.
configure:9656: $? = 1
configure: failed program was:
| /* confdefs.h */
| #define PACKAGE_NAME "libmgplus"
| #define PACKAGE_TARNAME "libmgplus"
| #define PACKAGE_VERSION "1.2.4"
| #define PACKAGE_STRING "libmgplus 1.2.4"
| #define PACKAGE_BUGREPORT ""
| #define PACKAGE_URL ""
| #define MGPLUS_MAJOR_VERSION 1
| #define MGPLUS_MINOR_VERSION 2
| #define MGPLUS_MICRO_VERSION 4
| #define MGPLUS_INTERFACE_AGE 0
| #define MGPLUS_BINARY_AGE 0
| #define STDC_HEADERS 1
| #define HAVE_SYS_TYPES_H 1
| #define HAVE_SYS_STAT_H 1
| #define HAVE_STDLIB_H 1
| #define HAVE_STRING_H 1
| #define HAVE_MEMORY_H 1
| #define HAVE_STRINGS_H 1
| #define HAVE_INTTYPES_H 1
| #define HAVE_STDINT_H 1
| #define HAVE_UNISTD_H 1
| #define HAVE_DLFCN_H 1
| #define HAVE_DIRENT_H 1
| #define STDC_HEADERS 1
| #define HAVE_SYS_WAIT_H 1
| #define HAVE_FCNTL_H 1
| #define HAVE_STDLIB_H 1
| #define HAVE_STRING_H 1
| #define HAVE_SYS_IOCTL_H 1
| #define HAVE_SYS_TIME_H 1
| #define HAVE_TERMIO_H 1
| #define HAVE_TERMIOS_H 1
| #define HAVE_UNISTD_H 1
| #define HAVE__BOOL 1
| #define HAVE_STDBOOL_H 1
| /* end confdefs.h.  */
| #include <vfork.h>
configure:9656: result: no
configure:9656: checking for vfork.h
configure:9656: result: no
configure:9669: checking for fork
configure:9669: gcc -o conftest -g -O2   conftest.c  >&5
conftest.c:61:6: warning: conflicting types for built-in function 'fork'
 char fork ();
      ^~~~
configure:9669: $? = 0
configure:9669: result: yes
configure:9669: checking for vfork
configure:9669: gcc -o conftest -g -O2   conftest.c  >&5
configure:9669: $? = 0
configure:9669: result: yes
configure:9680: checking for working fork
configure:9702: gcc -o conftest -g -O2   conftest.c  >&5
configure:9702: $? = 0
configure:9702: ./conftest
configure:9702: $? = 0
configure:9712: result: yes
configure:9733: checking for working vfork
configure:9843: result: yes
configure:9869: checking whether gcc needs -traditional
configure:9903: result: no
configure:9910: checking whether lstat correctly handles trailing slash
configure:9936: gcc -o conftest -g -O2   conftest.c  >&5
configure:9936: $? = 0
configure:9936: ./conftest
configure:9936: $? = 0
configure:9953: result: yes
configure:9972: checking whether stat accepts an empty string
configure:9992: gcc -o conftest -g -O2   conftest.c  >&5
configure:9992: $? = 0
configure:9992: ./conftest
configure:9992: $? = 0
configure:10002: result: no
configure:10020: checking for vprintf
configure:10020: gcc -o conftest -g -O2   conftest.c  >&5
conftest.c:66:6: warning: conflicting types for built-in function 'vprintf'
 char vprintf ();
      ^~~~~~~
configure:10020: $? = 0
configure:10020: result: yes
configure:10026: checking for _doprnt
configure:10026: gcc -o conftest -g -O2   conftest.c  >&5
/tmp/cczZDhj7.o: In function `main':
/WorkSpace/miniGUI/compile/libmgplus-1.2.4/conftest.c:78: undefined reference to `_doprnt'
collect2: error: ld returned 1 exit status
configure:10026: $? = 1
configure: failed program was:
| /* confdefs.h */
| #define PACKAGE_NAME "libmgplus"
| #define PACKAGE_TARNAME "libmgplus"
| #define PACKAGE_VERSION "1.2.4"
| #define PACKAGE_STRING "libmgplus 1.2.4"
| #define PACKAGE_BUGREPORT ""
| #define PACKAGE_URL ""
| #define MGPLUS_MAJOR_VERSION 1
| #define MGPLUS_MINOR_VERSION 2
| #define MGPLUS_MICRO_VERSION 4
| #define MGPLUS_INTERFACE_AGE 0
| #define MGPLUS_BINARY_AGE 0
| #define STDC_HEADERS 1
| #define HAVE_SYS_TYPES_H 1
| #define HAVE_SYS_STAT_H 1
| #define HAVE_STDLIB_H 1
| #define HAVE_STRING_H 1
| #define HAVE_MEMORY_H 1
| #define HAVE_STRINGS_H 1
| #define HAVE_INTTYPES_H 1
| #define HAVE_STDINT_H 1
| #define HAVE_UNISTD_H 1
| #define HAVE_DLFCN_H 1
| #define HAVE_DIRENT_H 1
| #define STDC_HEADERS 1
| #define HAVE_SYS_WAIT_H 1
| #define HAVE_FCNTL_H 1
| #define HAVE_STDLIB_H 1
| #define HAVE_STRING_H 1
| #define HAVE_SYS_IOCTL_H 1
| #define HAVE_SYS_TIME_H 1
| #define HAVE_TERMIO_H 1
| #define HAVE_TERMIOS_H 1
| #define HAVE_UNISTD_H 1
| #define HAVE__BOOL 1
| #define HAVE_STDBOOL_H 1
| #define HAVE_FORK 1
| #define HAVE_VFORK 1
| #define HAVE_WORKING_VFORK 1
| #define HAVE_WORKING_FORK 1
| #define LSTAT_FOLLOWS_SLASHED_SYMLINK 1
| #define HAVE_VPRINTF 1
| /* end confdefs.h.  */
| /* Define _doprnt to an innocuous variant, in case <limits.h> declares _doprnt.
|    For example, HP-UX 11i <limits.h> declares gettimeofday.  */
| #define _doprnt innocuous__doprnt
| 
| /* System header to define __stub macros and hopefully few prototypes,
|     which can conflict with char _doprnt (); below.
|     Prefer <limits.h> to <assert.h> if __STDC__ is defined, since
|     <limits.h> exists even on freestanding compilers.  */
| 
| #ifdef __STDC__
| # include <limits.h>
| #else
| # include <assert.h>
| #endif
| 
| #undef _doprnt
| 
| /* Override any GCC internal prototype to avoid an error.
|    Use char because int might match the return type of a GCC
|    builtin and then its argument prototype would still apply.  */
| #ifdef __cplusplus
| extern "C"
| #endif
| char _doprnt ();
| /* The GNU C library defines this for functions which it implements
|     to always fail with ENOSYS.  Some functions are actually named
|     something starting with __ and the normal name is an alias.  */
| #if defined __stub__doprnt || defined __stub____doprnt
| choke me
| #endif
| 
| int
| main ()
| {
| return _doprnt ();
|   ;
|   return 0;
| }
configure:10026: result: no
configure:10040: checking for bzero
configure:10040: gcc -o conftest -g -O2   conftest.c  >&5
conftest.c:67:6: warning: conflicting types for built-in function 'bzero'
 char bzero ();
      ^~~~~
configure:10040: $? = 0
configure:10040: result: yes
configure:10040: checking for dup2
configure:10040: gcc -o conftest -g -O2   conftest.c  >&5
configure:10040: $? = 0
configure:10040: result: yes
configure:10040: checking for getcwd
configure:10040: gcc -o conftest -g -O2   conftest.c  >&5
configure:10040: $? = 0
configure:10040: result: yes
configure:10040: checking for memmove
configure:10040: gcc -o conftest -g -O2   conftest.c  >&5
conftest.c:70:6: warning: conflicting types for built-in function 'memmove'
 char memmove ();
      ^~~~~~~
configure:10040: $? = 0
configure:10040: result: yes
configure:10040: checking for memset
configure:10040: gcc -o conftest -g -O2   conftest.c  >&5
conftest.c:71:6: warning: conflicting types for built-in function 'memset'
 char memset ();
      ^~~~~~
configure:10040: $? = 0
configure:10040: result: yes
configure:10040: checking for putenv
configure:10040: gcc -o conftest -g -O2   conftest.c  >&5
configure:10040: $? = 0
configure:10040: result: yes
configure:10040: checking for strchr
configure:10040: gcc -o conftest -g -O2   conftest.c  >&5
conftest.c:73:6: warning: conflicting types for built-in function 'strchr'
 char strchr ();
      ^~~~~~
configure:10040: $? = 0
configure:10040: result: yes
configure:10040: checking for strdup
configure:10040: gcc -o conftest -g -O2   conftest.c  >&5
conftest.c:74:6: warning: conflicting types for built-in function 'strdup'
 char strdup ();
      ^~~~~~
configure:10040: $? = 0
configure:10040: result: yes
configure:10040: checking for strerror
configure:10040: gcc -o conftest -g -O2   conftest.c  >&5
configure:10040: $? = 0
configure:10040: result: yes
configure:10040: checking for strstr
configure:10040: gcc -o conftest -g -O2   conftest.c  >&5
conftest.c:76:6: warning: conflicting types for built-in function 'strstr'
 char strstr ();
      ^~~~~~
configure:10040: $? = 0
configure:10040: result: yes
configure:10054: checking minigui/common.h usability
configure:10054: gcc -c -g -O2  conftest.c >&5
configure:10054: $? = 0
configure:10054: result: yes
configure:10054: checking minigui/common.h presence
configure:10054: gcc -E  conftest.c
configure:10054: $? = 0
configure:10054: result: yes
configure:10054: checking for minigui/common.h
configure:10054: result: yes
configure:10367: checking for pkg-config
configure:10385: found /usr/bin/pkg-config
configure:10397: result: /usr/bin/pkg-config
configure:10422: checking pkg-config is at least version 0.9.0
configure:10425: result: yes
configure:10436: checking for MINIGUI
configure:10444: $PKG_CONFIG --exists --print-errors "minigui >= 3.0.10"
configure:10447: $? = 0
configure:10462: $PKG_CONFIG --exists --print-errors "minigui >= 3.0.10"
configure:10465: $? = 0
configure:10520: result: yes
configure:10660: creating ./config.status

## ---------------------- ##
## Running config.status. ##
## ---------------------- ##

This file was extended by libmgplus config.status 1.2.4, which was
generated by GNU Autoconf 2.65.  Invocation command line was

  CONFIG_FILES    = 
  CONFIG_HEADERS  = 
  CONFIG_LINKS    = 
  CONFIG_COMMANDS = 
  $ ./config.status 

on czl-ThinkPad-T420

config.status:942: creating Makefile
config.status:942: creating mgplus.pc
config.status:942: creating include/Makefile
config.status:942: creating cmake/Makefile
config.status:942: creating src/Makefile
config.status:942: creating src/agg/Makefile
config.status:942: creating src/api/Makefile
config.status:942: creating m4/Makefile
config.status:942: creating mgplusconfig.h
config.status:1114: mgplusconfig.h is unchanged
config.status:1162: executing depfiles commands

## ---------------- ##
## Cache variables. ##
## ---------------- ##

ac_cv_build=i686-pc-linux-gnu
ac_cv_c_compiler_gnu=yes
ac_cv_c_const=yes
ac_cv_c_inline=inline
ac_cv_cxx_compiler_gnu=yes
ac_cv_env_CCC_set=
ac_cv_env_CCC_value=
ac_cv_env_CC_set=
ac_cv_env_CC_value=
ac_cv_env_CFLAGS_set=
ac_cv_env_CFLAGS_value=
ac_cv_env_CPPFLAGS_set=
ac_cv_env_CPPFLAGS_value=
ac_cv_env_CPP_set=
ac_cv_env_CPP_value=
ac_cv_env_CXXFLAGS_set=
ac_cv_env_CXXFLAGS_value=
ac_cv_env_CXX_set=
ac_cv_env_CXX_value=
ac_cv_env_LDFLAGS_set=
ac_cv_env_LDFLAGS_value=
ac_cv_env_LIBS_set=
ac_cv_env_LIBS_value=
ac_cv_env_MINIGUI_CFLAGS_set=
ac_cv_env_MINIGUI_CFLAGS_value=
ac_cv_env_MINIGUI_LIBS_set=
ac_cv_env_MINIGUI_LIBS_value=
ac_cv_env_PKG_CONFIG_set=
ac_cv_env_PKG_CONFIG_value=
ac_cv_env_build_alias_set=
ac_cv_env_build_alias_value=
ac_cv_env_host_alias_set=
ac_cv_env_host_alias_value=
ac_cv_env_target_alias_set=
ac_cv_env_target_alias_value=
ac_cv_func__doprnt=no
ac_cv_func_bzero=yes
ac_cv_func_closedir_void=no
ac_cv_func_dup2=yes
ac_cv_func_fork=yes
ac_cv_func_fork_works=yes
ac_cv_func_getcwd=yes
ac_cv_func_lstat_dereferences_slashed_symlink=yes
ac_cv_func_memmove=yes
ac_cv_func_memset=yes
ac_cv_func_putenv=yes
ac_cv_func_stat_empty_string_bug=no
ac_cv_func_strchr=yes
ac_cv_func_strdup=yes
ac_cv_func_strerror=yes
ac_cv_func_strstr=yes
ac_cv_func_vfork=yes
ac_cv_func_vfork_works=yes
ac_cv_func_vprintf=yes
ac_cv_header_dirent_dirent_h=yes
ac_cv_header_dlfcn_h=yes
ac_cv_header_fcntl_h=yes
ac_cv_header_inttypes_h=yes
ac_cv_header_memory_h=yes
ac_cv_header_minigui_common_h=yes
ac_cv_header_stdbool_h=yes
ac_cv_header_stdc=yes
ac_cv_header_stdint_h=yes
ac_cv_header_stdlib_h=yes
ac_cv_header_string_h=yes
ac_cv_header_strings_h=yes
ac_cv_header_sys_ioctl_h=yes
ac_cv_header_sys_stat_h=yes
ac_cv_header_sys_time_h=yes
ac_cv_header_sys_types_h=yes
ac_cv_header_sys_wait_h=yes
ac_cv_header_termio_h=yes
ac_cv_header_termios_h=yes
ac_cv_header_unistd_h=yes
ac_cv_header_vfork_h=no
ac_cv_host=i686-pc-linux-gnu
ac_cv_objext=o
ac_cv_path_EGREP='/bin/grep -E'
ac_cv_path_GREP=/bin/grep
ac_cv_path_ac_pt_PKG_CONFIG=/usr/bin/pkg-config
ac_cv_path_install='/usr/bin/install -c'
ac_cv_path_mkdir=/bin/mkdir
ac_cv_prog_AWK=mawk
ac_cv_prog_CPP='gcc -E'
ac_cv_prog_ac_ct_CC=gcc
ac_cv_prog_ac_ct_CXX=g++
ac_cv_prog_ac_ct_RANLIB=ranlib
ac_cv_prog_ac_ct_STRIP=strip
ac_cv_prog_cc_c89=
ac_cv_prog_cc_g=yes
ac_cv_prog_cxx_g=yes
ac_cv_prog_gcc_traditional=no
ac_cv_prog_make_make_set=yes
ac_cv_search_opendir='none required'
ac_cv_struct_tm=time.h
ac_cv_target=i686-pc-linux-gnu
ac_cv_type__Bool=yes
ac_cv_type_pid_t=yes
am_cv_CC_dependencies_compiler_type=gcc3
am_cv_CXX_dependencies_compiler_type=gcc3
lt_cv_archive_cmds_need_lc=no
lt_cv_compiler_c_o=yes
lt_cv_compiler_o_lo=yes
lt_cv_deplibs_check_method=pass_all
lt_cv_file_magic_cmd='$MAGIC_CMD'
lt_cv_file_magic_test_file='/lib/libc.so* /lib/libc-*.so'
lt_cv_global_symbol_to_c_name_address='sed -n -e '\''s/^: \([^ ]*\) $/  {\"\1\", (lt_ptr) 0},/p'\'' -e '\''s/^[BCDEGRST] \([^ ]*\) \([^ ]*\)$/  {"\2", (lt_ptr) \&\2},/p'\'''
lt_cv_global_symbol_to_cdecl='sed -n -e '\''s/^. .* \(.*\)$/extern char \1;/p'\'''
lt_cv_ld_reload_flag=-r
lt_cv_path_LD=/usr/bin/ld
lt_cv_path_NM='/usr/bin/nm -B'
lt_cv_path_SED=/bin/sed
lt_cv_prog_cc_can_build_shared=yes
lt_cv_prog_cc_no_builtin=
lt_cv_prog_cc_pic=' -fPIC'
lt_cv_prog_cc_pic_works=yes
lt_cv_prog_cc_shlib=
lt_cv_prog_cc_static=-static
lt_cv_prog_cc_static_works=yes
lt_cv_prog_cc_wl=-Wl,
lt_cv_prog_gnu_ld=yes
lt_cv_sys_global_symbol_pipe='sed -n -e '\''s/^.*[ 	]\([ABCDGISTW][ABCDGISTW]*\)[ 	][ 	]*\(\)\([_A-Za-z][_A-Za-z0-9]*\)$/\1 \2\3 \3/p'\'''
pkg_cv_MINIGUI_CFLAGS=-I/usr/local/include
pkg_cv_MINIGUI_LIBS='-L/usr/local/lib -lminigui_ths -ljpeg -ldl -lm -lpthread'

## ----------------- ##
## Output variables. ##
## ----------------- ##

ACLOCAL='${SHELL} /WorkSpace/miniGUI/compile/libmgplus-1.2.4/missing --run aclocal-1.11'
AMDEPBACKSLASH='\'
AMDEP_FALSE='#'
AMDEP_TRUE=''
AMTAR='${SHELL} /WorkSpace/miniGUI/compile/libmgplus-1.2.4/missing --run tar'
APP_LIBS=' -lstdc++ -L/usr/local/lib -lminigui_ths -ljpeg -ldl -lm -lpthread'
AUTOCONF='${SHELL} /WorkSpace/miniGUI/compile/libmgplus-1.2.4/missing --run autoconf'
AUTOHEADER='${SHELL} /WorkSpace/miniGUI/compile/libmgplus-1.2.4/missing --run autoheader'
AUTOMAKE='${SHELL} /WorkSpace/miniGUI/compile/libmgplus-1.2.4/missing --run automake-1.11'
AWK='mawk'
CC='gcc'
CCDEPMODE='depmode=gcc3'
CFLAGS='-g -O2 -D__MGPLUS_LIB__ -Wall -Wstrict-prototypes -pipe'
CPP='gcc -E'
CPPFLAGS=''
CXX='g++'
CXXDEPMODE='depmode=gcc3'
CXXFLAGS='-g -O2 -D__MGPLUS_LIB__'
CYGPATH_W='echo'
DEFS='-DHAVE_CONFIG_H'
DEPDIR='.deps'
ECHO='echo'
ECHO_C=''
ECHO_N='-n'
ECHO_T=''
EGREP='/bin/grep -E'
EXEEXT=''
GREP='/bin/grep'
INSTALL_DATA='${INSTALL} -m 644'
INSTALL_PROGRAM='${INSTALL}'
INSTALL_SCRIPT='${INSTALL}'
INSTALL_STRIP_PROGRAM='$(install_sh) -c -s'
LDFLAGS=''
LIBOBJS=''
LIBS=''
LIBTOOL='$(SHELL) $(top_builddir)/libtool'
LIB_SUFFIX=''
LN_S='ln -s'
LTLIBOBJS=''
LT_AGE='0'
LT_CURRENT='4'
LT_RELEASE='1.2.4'
LT_REVISION='0'
MAKEINFO='${SHELL} /WorkSpace/miniGUI/compile/libmgplus-1.2.4/missing --run makeinfo'
MGPLUS_FONT_FT2_FALSE=''
MGPLUS_FONT_FT2_TRUE='#'
MGPLUS_LFRDR_FASHION_FALSE='#'
MGPLUS_LFRDR_FASHION_TRUE=''
MINIGUI_CFLAGS='-I/usr/local/include'
MINIGUI_LIBS='-L/usr/local/lib -lminigui_ths -ljpeg -ldl -lm -lpthread'
MKDIR_P='/bin/mkdir -p'
OBJEXT='o'
PACKAGE='libmgplus'
PACKAGE_BUGREPORT=''
PACKAGE_NAME='libmgplus'
PACKAGE_STRING='libmgplus 1.2.4'
PACKAGE_TARNAME='libmgplus'
PACKAGE_URL=''
PACKAGE_VERSION='1.2.4'
PATH_SEPARATOR=':'
PKG_CONFIG='/usr/bin/pkg-config'
RANLIB='ranlib'
SET_MAKE=''
SHELL='/bin/bash'
STRIP='strip'
VERSION='1.2.4'
ac_ct_CC='gcc'
ac_ct_CXX='g++'
am__EXEEXT_FALSE=''
am__EXEEXT_TRUE='#'
am__fastdepCC_FALSE='#'
am__fastdepCC_TRUE=''
am__fastdepCXX_FALSE='#'
am__fastdepCXX_TRUE=''
am__include='include'
am__isrc=''
am__leading_dot='.'
am__quote=''
am__tar='${AMTAR} chof - "$$tardir"'
am__untar='${AMTAR} xf -'
bindir='${exec_prefix}/bin'
build='i686-pc-linux-gnu'
build_alias=''
build_cpu='i686'
build_os='linux-gnu'
build_vendor='pc'
datadir='${datarootdir}'
datarootdir='${prefix}/share'
docdir='${datarootdir}/doc/${PACKAGE_TARNAME}'
dvidir='${docdir}'
exec_prefix='${prefix}'
host='i686-pc-linux-gnu'
host_alias=''
host_cpu='i686'
host_os='linux-gnu'
host_vendor='pc'
htmldir='${docdir}'
includedir='${prefix}/include'
infodir='${datarootdir}/info'
install_sh='${SHELL} /WorkSpace/miniGUI/compile/libmgplus-1.2.4/install-sh'
libdir='${exec_prefix}/lib'
libexecdir='${exec_prefix}/libexec'
localedir='${datarootdir}/locale'
localstatedir='${prefix}/var'
mGPlus_BINARY_AGE='0'
mGPlus_INTERFACE_AGE='0'
mGPlus_MAJOR_VERSION='1'
mGPlus_MICRO_VERSION='4'
mGPlus_MINOR_VERSION='2'
mGPlus_VERSION='1.2.4'
mandir='${datarootdir}/man'
mkdir_p='/bin/mkdir -p'
oldincludedir='/usr/include'
pdfdir='${docdir}'
prefix='/usr/local'
program_transform_name='s,x,x,'
psdir='${docdir}'
sbindir='${exec_prefix}/sbin'
sharedstatedir='${prefix}/com'
sysconfdir='${prefix}/etc'
target='i686-pc-linux-gnu'
target_alias=''
target_cpu='i686'
target_os='linux-gnu'
target_vendor='pc'

## ----------- ##
## confdefs.h. ##
## ----------- ##

/* confdefs.h */
#define PACKAGE_NAME "libmgplus"
#define PACKAGE_TARNAME "libmgplus"
#define PACKAGE_VERSION "1.2.4"
#define PACKAGE_STRING "libmgplus 1.2.4"
#define PACKAGE_BUGREPORT ""
#define PACKAGE_URL ""
#define MGPLUS_MAJOR_VERSION 1
#define MGPLUS_MINOR_VERSION 2
#define MGPLUS_MICRO_VERSION 4
#define MGPLUS_INTERFACE_AGE 0
#define MGPLUS_BINARY_AGE 0
#define STDC_HEADERS 1
#define HAVE_SYS_TYPES_H 1
#define HAVE_SYS_STAT_H 1
#define HAVE_STDLIB_H 1
#define HAVE_STRING_H 1
#define HAVE_MEMORY_H 1
#define HAVE_STRINGS_H 1
#define HAVE_INTTYPES_H 1
#define HAVE_STDINT_H 1
#define HAVE_UNISTD_H 1
#define HAVE_DLFCN_H 1
#define HAVE_DIRENT_H 1
#define STDC_HEADERS 1
#define HAVE_SYS_WAIT_H 1
#define HAVE_FCNTL_H 1
#define HAVE_STDLIB_H 1
#define HAVE_STRING_H 1
#define HAVE_SYS_IOCTL_H 1
#define HAVE_SYS_TIME_H 1
#define HAVE_TERMIO_H 1
#define HAVE_TERMIOS_H 1
#define HAVE_UNISTD_H 1
#define HAVE__BOOL 1
#define HAVE_STDBOOL_H 1
#define HAVE_FORK 1
#define HAVE_VFORK 1
#define HAVE_WORKING_VFORK 1
#define HAVE_WORKING_FORK 1
#define LSTAT_FOLLOWS_SLASHED_SYMLINK 1
#define HAVE_VPRINTF 1
#define HAVE_BZERO 1
#define HAVE_DUP2 1
#define HAVE_GETCWD 1
#define HAVE_MEMMOVE 1
#define HAVE_MEMSET 1
#define HAVE_PUTENV 1
#define HAVE_STRCHR 1
#define HAVE_STRDUP 1
#define HAVE_STRERROR 1
#define HAVE_STRSTR 1
#define HAVE_MINIGUI_COMMON_H 1
#define _MGPLUS_LFRDR_FASHION 1
#define _MGPLUS_COLORCOMPOSITE 1
#define _MGPLUS_GRADIENTFILL 1
#define _MGPLUS_PIXFMT_RGBA32 1
#define _MGPLUS_PIXFMT_ABGR32 1
#define _MGPLUS_PIXFMT_BGRA32 1
#define _MGPLUS_PIXFMT_BGR24 1
#define _MGPLUS_PIXFMT_RGB24 1
#define _MGPLUS_PIXFMT_RGB555 1
#define _MGPLUS_PIXFMT_RGB565 1

configure: exit 0
