This file contains any messages produced by compilers while
running configure, to aid debugging if configure makes a mistake.

It was created by configure, which was
generated by GNU Autoconf 2.65.  Invocation command line was

  $ ./configure CC=gcc32 CFLAGS=-g3 -O0

## --------- ##
## Platform. ##
## --------- ##

hostname = PCcaozilong
uname -m = x86_64
uname -r = 3.16.0-30-generic
uname -s = Linux
uname -v = #40~14.04.1-Ubuntu SMP Thu Jan 15 17:43:14 UTC 2015

/usr/bin/uname -p = unknown
/bin/uname -X     = unknown

/bin/arch              = unknown
/usr/bin/arch -k       = unknown
/usr/convex/getsysinfo = unknown
/usr/bin/hostinfo      = unknown
/bin/machine           = unknown
/usr/bin/oslevel       = unknown
/bin/universe          = unknown

PATH: /usr/local/sbin
PATH: /usr/local/bin
PATH: /usr/sbin
PATH: /usr/bin
PATH: /sbin
PATH: /bin
PATH: /usr/games
PATH: /usr/local/games
PATH: /usr/lib/jvm/java-7-oracle/bin
PATH: /usr/lib/jvm/java-7-oracle/db/bin
PATH: /usr/lib/jvm/java-7-oracle/jre/bin
PATH: /home/user/Bin/LiveSuit/


## ----------- ##
## Core tests. ##
## ----------- ##

configure:2086: checking build system type
configure:2100: result: x86_64-unknown-linux-gnu
configure:2120: checking host system type
configure:2133: result: x86_64-unknown-linux-gnu
configure:2153: checking target system type
configure:2166: result: x86_64-unknown-linux-gnu
configure:2194: checking whether make sets $(MAKE)
configure:2216: result: yes
configure:2273: checking for gcc
configure:2300: result: gcc32
configure:2529: checking for C compiler version
configure:2538: gcc32 --version >&5
gcc (Ubuntu 4.8.4-2ubuntu1~14.04.3) 4.8.4
Copyright (C) 2013 Free Software Foundation, Inc.
This is free software; see the source for copying conditions.  There is NO
warranty; not even for MERCHANTABILITY or FITNESS FOR A PARTICULAR PURPOSE.

configure:2549: $? = 0
configure:2538: gcc32 -v >&5
Using built-in specs.
COLLECT_GCC=gcc
COLLECT_LTO_WRAPPER=/usr/lib/gcc/x86_64-linux-gnu/4.8/lto-wrapper
Target: x86_64-linux-gnu
Configured with: ../src/configure -v --with-pkgversion='Ubuntu 4.8.4-2ubuntu1~14.04.3' --with-bugurl=file:///usr/share/doc/gcc-4.8/README.Bugs --enable-languages=c,c++,java,go,d,fortran,objc,obj-c++ --prefix=/usr --program-suffix=-4.8 --enable-shared --enable-linker-build-id --libexecdir=/usr/lib --without-included-gettext --enable-threads=posix --with-gxx-include-dir=/usr/include/c++/4.8 --libdir=/usr/lib --enable-nls --with-sysroot=/ --enable-clocale=gnu --enable-libstdcxx-debug --enable-libstdcxx-time=yes --enable-gnu-unique-object --disable-libmudflap --enable-plugin --with-system-zlib --disable-browser-plugin --enable-java-awt=gtk --enable-gtk-cairo --with-java-home=/usr/lib/jvm/java-1.5.0-gcj-4.8-amd64/jre --enable-java-home --with-jvm-root-dir=/usr/lib/jvm/java-1.5.0-gcj-4.8-amd64 --with-jvm-jar-dir=/usr/lib/jvm-exports/java-1.5.0-gcj-4.8-amd64 --with-arch-directory=amd64 --with-ecj-jar=/usr/share/java/eclipse-ecj.jar --enable-objc-gc --enable-multiarch --disable-werror --with-arch-32=i686 --with-abi=m64 --with-multilib-list=m32,m64,mx32 --with-tune=generic --enable-checking=release --build=x86_64-linux-gnu --host=x86_64-linux-gnu --target=x86_64-linux-gnu
Thread model: posix
gcc version 4.8.4 (Ubuntu 4.8.4-2ubuntu1~14.04.3) 
configure:2549: $? = 0
configure:2538: gcc32 -V >&5
gcc: error: unrecognized command line option '-V'
gcc: fatal error: no input files
compilation terminated.
configure:2549: $? = 4
configure:2538: gcc32 -qversion >&5
gcc: error: unrecognized command line option '-qversion'
gcc: fatal error: no input files
compilation terminated.
configure:2549: $? = 4
configure:2569: checking whether the C compiler works
configure:2591: gcc32 -g3 -O0   conftest.c  >&5
configure:2595: $? = 0
configure:2644: result: yes
configure:2647: checking for C compiler default output file name
configure:2649: result: a.out
configure:2655: checking for suffix of executables
configure:2662: gcc32 -o conftest -g3 -O0   conftest.c  >&5
configure:2666: $? = 0
configure:2688: result: 
configure:2710: checking whether we are cross compiling
configure:2718: gcc32 -o conftest -g3 -O0   conftest.c  >&5
configure:2722: $? = 0
configure:2729: ./conftest
configure:2733: $? = 0
configure:2748: result: no
configure:2753: checking for suffix of object files
configure:2775: gcc32 -c -g3 -O0  conftest.c >&5
configure:2779: $? = 0
configure:2800: result: o
configure:2804: checking whether we are using the GNU C compiler
configure:2823: gcc32 -c -g3 -O0  conftest.c >&5
configure:2823: $? = 0
configure:2832: result: yes
configure:2841: checking whether gcc32 accepts -g
configure:2861: gcc32 -c -g  conftest.c >&5
configure:2861: $? = 0
configure:2902: result: yes
configure:2919: checking for gcc32 option to accept ISO C89
configure:2983: gcc32  -c -g3 -O0  conftest.c >&5
configure:2983: $? = 0
configure:2996: result: none needed
configure:3033: checking for a BSD-compatible install
configure:3101: result: /usr/bin/install -c
configure:3112: checking whether build environment is sane
configure:3162: result: yes
configure:3303: checking for a thread-safe mkdir -p
configure:3342: result: /bin/mkdir -p
configure:3355: checking for gawk
configure:3371: found /usr/bin/gawk
configure:3382: result: gawk
configure:3414: checking for style of include used by make
configure:3442: result: GNU
configure:3527: checking dependency style of gcc32
configure:3637: result: gcc3
configure:3655: checking for an ANSI C-conforming const
configure:3720: gcc32 -c -g3 -O0  conftest.c >&5
configure:3720: $? = 0
configure:3727: result: yes
configure:3741: checking how to run the C preprocessor
configure:3772: gcc32 -E  conftest.c
configure:3772: $? = 0
configure:3786: gcc32 -E  conftest.c
conftest.c:11:28: fatal error: ac_nonexistent.h: No such file or directory
 #include <ac_nonexistent.h>
                            ^
compilation terminated.
configure:3786: $? = 1
configure: failed program was:
| /* confdefs.h */
| #define PACKAGE_NAME ""
| #define PACKAGE_TARNAME ""
| #define PACKAGE_VERSION ""
| #define PACKAGE_STRING ""
| #define PACKAGE_BUGREPORT ""
| #define PACKAGE_URL ""
| #define PACKAGE "mg-samples"
| #define VERSION "3.0.12"
| /* end confdefs.h.  */
| #include <ac_nonexistent.h>
configure:3811: result: gcc32 -E
configure:3831: gcc32 -E  conftest.c
configure:3831: $? = 0
configure:3845: gcc32 -E  conftest.c
conftest.c:11:28: fatal error: ac_nonexistent.h: No such file or directory
 #include <ac_nonexistent.h>
                            ^
compilation terminated.
configure:3845: $? = 1
configure: failed program was:
| /* confdefs.h */
| #define PACKAGE_NAME ""
| #define PACKAGE_TARNAME ""
| #define PACKAGE_VERSION ""
| #define PACKAGE_STRING ""
| #define PACKAGE_BUGREPORT ""
| #define PACKAGE_URL ""
| #define PACKAGE "mg-samples"
| #define VERSION "3.0.12"
| /* end confdefs.h.  */
| #include <ac_nonexistent.h>
configure:3874: checking for grep that handles long lines and -e
configure:3932: result: /bin/grep
configure:3937: checking for egrep
configure:3999: result: /bin/grep -E
configure:4004: checking for ANSI C header files
configure:4024: gcc32 -c -g3 -O0  conftest.c >&5
configure:4024: $? = 0
configure:4097: gcc32 -o conftest -g3 -O0   conftest.c  >&5
configure:4097: $? = 0
configure:4097: ./conftest
configure:4097: $? = 0
configure:4108: result: yes
configure:4116: checking for sys/wait.h that is POSIX.1 compatible
configure:4142: gcc32 -c -g3 -O0  conftest.c >&5
configure:4142: $? = 0
configure:4149: result: yes
configure:4157: checking whether time.h and sys/time.h may both be included
configure:4177: gcc32 -c -g3 -O0  conftest.c >&5
configure:4177: $? = 0
configure:4184: result: yes
configure:4197: checking for sys/types.h
configure:4197: gcc32 -c -g3 -O0  conftest.c >&5
configure:4197: $? = 0
configure:4197: result: yes
configure:4197: checking for sys/stat.h
configure:4197: gcc32 -c -g3 -O0  conftest.c >&5
configure:4197: $? = 0
configure:4197: result: yes
configure:4197: checking for stdlib.h
configure:4197: gcc32 -c -g3 -O0  conftest.c >&5
configure:4197: $? = 0
configure:4197: result: yes
configure:4197: checking for string.h
configure:4197: gcc32 -c -g3 -O0  conftest.c >&5
configure:4197: $? = 0
configure:4197: result: yes
configure:4197: checking for memory.h
configure:4197: gcc32 -c -g3 -O0  conftest.c >&5
configure:4197: $? = 0
configure:4197: result: yes
configure:4197: checking for strings.h
configure:4197: gcc32 -c -g3 -O0  conftest.c >&5
configure:4197: $? = 0
configure:4197: result: yes
configure:4197: checking for inttypes.h
configure:4197: gcc32 -c -g3 -O0  conftest.c >&5
configure:4197: $? = 0
configure:4197: result: yes
configure:4197: checking for stdint.h
configure:4197: gcc32 -c -g3 -O0  conftest.c >&5
configure:4197: $? = 0
configure:4197: result: yes
configure:4197: checking for unistd.h
configure:4197: gcc32 -c -g3 -O0  conftest.c >&5
configure:4197: $? = 0
configure:4197: result: yes
configure:4213: checking sys/time.h usability
configure:4213: gcc32 -c -g3 -O0  conftest.c >&5
configure:4213: $? = 0
configure:4213: result: yes
configure:4213: checking sys/time.h presence
configure:4213: gcc32 -E  conftest.c
configure:4213: $? = 0
configure:4213: result: yes
configure:4213: checking for sys/time.h
configure:4213: result: yes
configure:4213: checking for unistd.h
configure:4213: result: yes
configure:4228: checking minigui/common.h usability
configure:4228: gcc32 -c -g3 -O0  conftest.c >&5
configure:4228: $? = 0
configure:4228: result: yes
configure:4228: checking minigui/common.h presence
configure:4228: gcc32 -E  conftest.c
configure:4228: $? = 0
configure:4228: result: yes
configure:4228: checking for minigui/common.h
configure:4228: result: yes
configure:4242: checking whether __NOUNIX__ is declared
configure:4242: gcc32 -c -g3 -O0  conftest.c >&5
conftest.c: In function 'main':
conftest.c:63:10: error: '__NOUNIX__' undeclared (first use in this function)
   (void) __NOUNIX__;
          ^
conftest.c:63:10: note: each undeclared identifier is reported only once for each function it appears in
configure:4242: $? = 1
configure: failed program was:
| /* confdefs.h */
| #define PACKAGE_NAME ""
| #define PACKAGE_TARNAME ""
| #define PACKAGE_VERSION ""
| #define PACKAGE_STRING ""
| #define PACKAGE_BUGREPORT ""
| #define PACKAGE_URL ""
| #define PACKAGE "mg-samples"
| #define VERSION "3.0.12"
| #define STDC_HEADERS 1
| #define HAVE_SYS_WAIT_H 1
| #define TIME_WITH_SYS_TIME 1
| #define HAVE_SYS_TYPES_H 1
| #define HAVE_SYS_STAT_H 1
| #define HAVE_STDLIB_H 1
| #define HAVE_STRING_H 1
| #define HAVE_MEMORY_H 1
| #define HAVE_STRINGS_H 1
| #define HAVE_INTTYPES_H 1
| #define HAVE_STDINT_H 1
| #define HAVE_UNISTD_H 1
| #define HAVE_SYS_TIME_H 1
| #define HAVE_UNISTD_H 1
| #define HAVE_MINIGUI_COMMON_H 1
| /* end confdefs.h.  */
| #include <stdio.h>
| #ifdef HAVE_SYS_TYPES_H
| # include <sys/types.h>
| #endif
| #ifdef HAVE_SYS_STAT_H
| # include <sys/stat.h>
| #endif
| #ifdef STDC_HEADERS
| # include <stdlib.h>
| # include <stddef.h>
| #else
| # ifdef HAVE_STDLIB_H
| #  include <stdlib.h>
| # endif
| #endif
| #ifdef HAVE_STRING_H
| # if !defined STDC_HEADERS && defined HAVE_MEMORY_H
| #  include <memory.h>
| # endif
| # include <string.h>
| #endif
| #ifdef HAVE_STRINGS_H
| # include <strings.h>
| #endif
| #ifdef HAVE_INTTYPES_H
| # include <inttypes.h>
| #endif
| #ifdef HAVE_STDINT_H
| # include <stdint.h>
| #endif
| #ifdef HAVE_UNISTD_H
| # include <unistd.h>
| #endif
| int
| main ()
| {
| #ifndef __NOUNIX__
|   (void) __NOUNIX__;
| #endif
| 
|   ;
|   return 0;
| }
configure:4242: result: no
configure:4260: checking whether _MGRM_PROCESSES is declared
configure:4260: gcc32 -c -g3 -O0  conftest.c >&5
conftest.c: In function 'main':
conftest.c:33:10: error: '_MGRM_PROCESSES' undeclared (first use in this function)
   (void) _MGRM_PROCESSES;
          ^
conftest.c:33:10: note: each undeclared identifier is reported only once for each function it appears in
configure:4260: $? = 1
configure: failed program was:
| /* confdefs.h */
| #define PACKAGE_NAME ""
| #define PACKAGE_TARNAME ""
| #define PACKAGE_VERSION ""
| #define PACKAGE_STRING ""
| #define PACKAGE_BUGREPORT ""
| #define PACKAGE_URL ""
| #define PACKAGE "mg-samples"
| #define VERSION "3.0.12"
| #define STDC_HEADERS 1
| #define HAVE_SYS_WAIT_H 1
| #define TIME_WITH_SYS_TIME 1
| #define HAVE_SYS_TYPES_H 1
| #define HAVE_SYS_STAT_H 1
| #define HAVE_STDLIB_H 1
| #define HAVE_STRING_H 1
| #define HAVE_MEMORY_H 1
| #define HAVE_STRINGS_H 1
| #define HAVE_INTTYPES_H 1
| #define HAVE_STDINT_H 1
| #define HAVE_UNISTD_H 1
| #define HAVE_SYS_TIME_H 1
| #define HAVE_UNISTD_H 1
| #define HAVE_MINIGUI_COMMON_H 1
| #define HAVE_DECL___NOUNIX__ 0
| /* end confdefs.h.  */
| #include <minigui/common.h>
| 
| int
| main ()
| {
| #ifndef _MGRM_PROCESSES
|   (void) _MGRM_PROCESSES;
| #endif
| 
|   ;
|   return 0;
| }
configure:4260: result: no
configure:4366: checking for pkg-config
configure:4384: found /usr/bin/pkg-config
configure:4396: result: /usr/bin/pkg-config
configure:4421: checking pkg-config is at least version 0.9.0
configure:4424: result: yes
configure:4435: checking for MINIGUI
configure:4443: $PKG_CONFIG --exists --print-errors "minigui >= 3.0.10"
configure:4446: $? = 0
configure:4461: $PKG_CONFIG --exists --print-errors "minigui >= 3.0.10"
configure:4464: $? = 0
configure:4519: result: yes
configure:4685: creating ./config.status

## ---------------------- ##
## Running config.status. ##
## ---------------------- ##

This file was extended by config.status, which was
generated by GNU Autoconf 2.65.  Invocation command line was

  CONFIG_FILES    = 
  CONFIG_HEADERS  = 
  CONFIG_LINKS    = 
  CONFIG_COMMANDS = 
  $ ./config.status 

on PCcaozilong

config.status:817: creating Makefile
config.status:817: creating same/Makefile
config.status:817: creating same/res/Makefile
config.status:817: creating graphics/Makefile
config.status:817: creating graphics/res/Makefile
config.status:817: creating housekeeper/Makefile
config.status:817: creating housekeeper/res/Makefile
config.status:817: creating minesweeper/Makefile
config.status:817: creating minesweeper/res/Makefile
config.status:817: creating ctrl_dlg/Makefile
config.status:817: creating ctrl_dlg/res/Makefile
config.status:817: creating lf_skin/Makefile
config.status:817: creating lf_skin/res/Makefile
config.status:817: creating lf_skin/res/skin_res/Makefile
config.status:817: creating lf_skin/res/systemres/Makefile
config.status:817: creating look_feel/Makefile
config.status:817: creating look_feel/res/Makefile
config.status:817: creating font_text/Makefile
config.status:817: creating dbuff/Makefile
config.status:817: creating dbuff/res/Makefile
config.status:817: creating mginit/Makefile
config.status:817: creating mginit/res/Makefile
config.status:817: creating src/Makefile
config.status:817: creating src/res/Makefile
config.status:817: creating notebook/Makefile
config.status:817: creating notebook/res/Makefile
config.status:980: executing depfiles commands

## ---------------- ##
## Cache variables. ##
## ---------------- ##

ac_cv_build=x86_64-unknown-linux-gnu
ac_cv_c_compiler_gnu=yes
ac_cv_c_const=yes
ac_cv_env_CC_set=set
ac_cv_env_CC_value=gcc32
ac_cv_env_CFLAGS_set=set
ac_cv_env_CFLAGS_value='-g3 -O0'
ac_cv_env_CPPFLAGS_set=
ac_cv_env_CPPFLAGS_value=
ac_cv_env_CPP_set=
ac_cv_env_CPP_value=
ac_cv_env_LDFLAGS_set=
ac_cv_env_LDFLAGS_value=
ac_cv_env_LIBS_set=
ac_cv_env_LIBS_value=
ac_cv_env_MINIGUI_CFLAGS_set=
ac_cv_env_MINIGUI_CFLAGS_value=
ac_cv_env_MINIGUI_LIBS_set=
ac_cv_env_MINIGUI_LIBS_value=
ac_cv_env_PKG_CONFIG_set=
ac_cv_env_PKG_CONFIG_value=
ac_cv_env_build_alias_set=
ac_cv_env_build_alias_value=
ac_cv_env_host_alias_set=
ac_cv_env_host_alias_value=
ac_cv_env_target_alias_set=
ac_cv_env_target_alias_value=
ac_cv_have_decl__MGRM_PROCESSES=no
ac_cv_have_decl___NOUNIX__=no
ac_cv_header_inttypes_h=yes
ac_cv_header_memory_h=yes
ac_cv_header_minigui_common_h=yes
ac_cv_header_stdc=yes
ac_cv_header_stdint_h=yes
ac_cv_header_stdlib_h=yes
ac_cv_header_string_h=yes
ac_cv_header_strings_h=yes
ac_cv_header_sys_stat_h=yes
ac_cv_header_sys_time_h=yes
ac_cv_header_sys_types_h=yes
ac_cv_header_sys_wait_h=yes
ac_cv_header_time=yes
ac_cv_header_unistd_h=yes
ac_cv_host=x86_64-unknown-linux-gnu
ac_cv_objext=o
ac_cv_path_EGREP='/bin/grep -E'
ac_cv_path_GREP=/bin/grep
ac_cv_path_ac_pt_PKG_CONFIG=/usr/bin/pkg-config
ac_cv_path_install='/usr/bin/install -c'
ac_cv_path_mkdir=/bin/mkdir
ac_cv_prog_AWK=gawk
ac_cv_prog_CPP='gcc32 -E'
ac_cv_prog_ac_ct_CC=gcc32
ac_cv_prog_cc_c89=
ac_cv_prog_cc_g=yes
ac_cv_prog_make_make_set=yes
ac_cv_target=x86_64-unknown-linux-gnu
am_cv_CC_dependencies_compiler_type=gcc3
pkg_cv_MINIGUI_CFLAGS='-I/usr/local/include  '
pkg_cv_MINIGUI_LIBS='-L/usr/local/lib -lminigui_ths -ljpeg -lpng -ldl -lm -lpthread  '

## ----------------- ##
## Output variables. ##
## ----------------- ##

ACLOCAL='${SHELL} /home/user/WorkSpace/github/hello-world/gui/minigui/miniGUI/compile/mg-samples-3.0.12/missing --run aclocal-1.11'
AMDEPBACKSLASH='\'
AMDEP_FALSE='#'
AMDEP_TRUE=''
AMTAR='${SHELL} /home/user/WorkSpace/github/hello-world/gui/minigui/miniGUI/compile/mg-samples-3.0.12/missing --run tar'
AUTOCONF='${SHELL} /home/user/WorkSpace/github/hello-world/gui/minigui/miniGUI/compile/mg-samples-3.0.12/missing --run autoconf'
AUTOHEADER='${SHELL} /home/user/WorkSpace/github/hello-world/gui/minigui/miniGUI/compile/mg-samples-3.0.12/missing --run autoheader'
AUTOMAKE='${SHELL} /home/user/WorkSpace/github/hello-world/gui/minigui/miniGUI/compile/mg-samples-3.0.12/missing --run automake-1.11'
AWK='gawk'
CC='gcc32'
CCDEPMODE='depmode=gcc3'
CFLAGS='-g3 -O0 -Wall -Wstrict-prototypes -pipe'
CPP='gcc32 -E'
CPPFLAGS=''
CYGPATH_W='echo'
DEFS='-DPACKAGE_NAME=\"\" -DPACKAGE_TARNAME=\"\" -DPACKAGE_VERSION=\"\" -DPACKAGE_STRING=\"\" -DPACKAGE_BUGREPORT=\"\" -DPACKAGE_URL=\"\" -DPACKAGE=\"mg-samples\" -DVERSION=\"3.0.12\" -DSTDC_HEADERS=1 -DHAVE_SYS_WAIT_H=1 -DTIME_WITH_SYS_TIME=1 -DHAVE_SYS_TYPES_H=1 -DHAVE_SYS_STAT_H=1 -DHAVE_STDLIB_H=1 -DHAVE_STRING_H=1 -DHAVE_MEMORY_H=1 -DHAVE_STRINGS_H=1 -DHAVE_INTTYPES_H=1 -DHAVE_STDINT_H=1 -DHAVE_UNISTD_H=1 -DHAVE_SYS_TIME_H=1 -DHAVE_UNISTD_H=1 -DHAVE_MINIGUI_COMMON_H=1 -DHAVE_DECL___NOUNIX__=0 -DHAVE_DECL__MGRM_PROCESSES=0 -D_LANG_EN=1'
DEPDIR='.deps'
ECHO_C=''
ECHO_N='-n'
ECHO_T=''
EGREP='/bin/grep -E'
EXEEXT=''
GREP='/bin/grep'
INSTALL_DATA='${INSTALL} -m 644'
INSTALL_PROGRAM='${INSTALL}'
INSTALL_SCRIPT='${INSTALL}'
INSTALL_STRIP_PROGRAM='$(install_sh) -c -s'
LDFLAGS=''
LIBOBJS=''
LIBS=' -L/usr/local/lib -lminigui_ths -ljpeg -lpng -ldl -lm -lpthread  '
LTLIBOBJS=''
MAKEINFO='${SHELL} /home/user/WorkSpace/github/hello-world/gui/minigui/miniGUI/compile/mg-samples-3.0.12/missing --run makeinfo'
MGRM_PROCESSES_FALSE=''
MGRM_PROCESSES_TRUE='#'
MINIGUI_CFLAGS='-I/usr/local/include  '
MINIGUI_LIBS='-L/usr/local/lib -lminigui_ths -ljpeg -lpng -ldl -lm -lpthread  '
MKDIR_P='/bin/mkdir -p'
OBJEXT='o'
PACKAGE='mg-samples'
PACKAGE_BUGREPORT=''
PACKAGE_NAME=''
PACKAGE_STRING=''
PACKAGE_TARNAME=''
PACKAGE_URL=''
PACKAGE_VERSION=''
PATH_SEPARATOR=':'
PKG_CONFIG='/usr/bin/pkg-config'
SET_MAKE=''
SHELL='/bin/bash'
STRIP=''
VERSION='3.0.12'
ac_ct_CC='gcc32'
am__EXEEXT_FALSE=''
am__EXEEXT_TRUE='#'
am__fastdepCC_FALSE='#'
am__fastdepCC_TRUE=''
am__include='include'
am__isrc=''
am__leading_dot='.'
am__quote=''
am__tar='${AMTAR} chof - "$$tardir"'
am__untar='${AMTAR} xf -'
bindir='${exec_prefix}/bin'
build='x86_64-unknown-linux-gnu'
build_alias=''
build_cpu='x86_64'
build_os='linux-gnu'
build_vendor='unknown'
datadir='${datarootdir}'
datarootdir='${prefix}/share'
docdir='${datarootdir}/doc/${PACKAGE}'
dvidir='${docdir}'
exec_prefix='${prefix}'
host='x86_64-unknown-linux-gnu'
host_alias=''
host_cpu='x86_64'
host_os='linux-gnu'
host_vendor='unknown'
htmldir='${docdir}'
includedir='${prefix}/include'
infodir='${datarootdir}/info'
install_sh='${SHELL} /home/user/WorkSpace/github/hello-world/gui/minigui/miniGUI/compile/mg-samples-3.0.12/install-sh'
libdir='${exec_prefix}/lib'
libexecdir='${exec_prefix}/libexec'
localedir='${datarootdir}/locale'
localstatedir='${prefix}/var'
mandir='${datarootdir}/man'
mkdir_p='/bin/mkdir -p'
oldincludedir='/usr/include'
pdfdir='${docdir}'
prefix='/usr/local'
program_transform_name='s,x,x,'
psdir='${docdir}'
sbindir='${exec_prefix}/sbin'
sharedstatedir='${prefix}/com'
sysconfdir='${prefix}/etc'
target='x86_64-unknown-linux-gnu'
target_alias=''
target_cpu='x86_64'
target_os='linux-gnu'
target_vendor='unknown'

## ----------- ##
## confdefs.h. ##
## ----------- ##

/* confdefs.h */
#define PACKAGE_NAME ""
#define PACKAGE_TARNAME ""
#define PACKAGE_VERSION ""
#define PACKAGE_STRING ""
#define PACKAGE_BUGREPORT ""
#define PACKAGE_URL ""
#define PACKAGE "mg-samples"
#define VERSION "3.0.12"
#define STDC_HEADERS 1
#define HAVE_SYS_WAIT_H 1
#define TIME_WITH_SYS_TIME 1
#define HAVE_SYS_TYPES_H 1
#define HAVE_SYS_STAT_H 1
#define HAVE_STDLIB_H 1
#define HAVE_STRING_H 1
#define HAVE_MEMORY_H 1
#define HAVE_STRINGS_H 1
#define HAVE_INTTYPES_H 1
#define HAVE_STDINT_H 1
#define HAVE_UNISTD_H 1
#define HAVE_SYS_TIME_H 1
#define HAVE_UNISTD_H 1
#define HAVE_MINIGUI_COMMON_H 1
#define HAVE_DECL___NOUNIX__ 0
#define HAVE_DECL__MGRM_PROCESSES 0
#define _LANG_EN 1

configure: exit 0
